Request #1: GET /person Accept: application/json
=> Result: OK
=> HTTP Status: 200
[ {
  "idPerson" : 1,
  "firstname" : "Jon",
  "lastname" : "Norris",
  "birthdate" : "31/12/1944",
  "username" : "chuck.norris",
  "email" : "chuck.norris@gmail.com",
  "measureType" : [ {
    "value" : "72",
    "measure" : "weight"
  }, {
    "value" : "72",
    "measure" : "height"
  } ]
}, {
  "idPerson" : 2,
  "firstname" : "Pallino",
  "lastname" : "Pinco",
  "birthdate" : "16/07/1964",
  "username" : "pallino.panco",
  "email" : "pallino.panco@gmail.com",
  "measureType" : [ {
    "value" : "85",
    "measure" : "weight"
  }, {
    "value" : "1.65",
    "measure" : "height"
  }, {
    "value" : "120",
    "measure" : "blood pressure"
  } ]
}, {
  "idPerson" : 3,
  "firstname" : "Pappo",
  "lastname" : "Pippo",
  "birthdate" : "08/12/1959",
  "username" : "pippo",
  "email" : "pippo.pappo@gmail.com",
  "measureType" : [ {
    "value" : "87",
    "measure" : "weight"
  }, {
    "value" : "1.68",
    "measure" : "height"
  } ]
}, {
  "idPerson" : 4,
  "firstname" : "Sara",
  "lastname" : "Rossi",
  "birthdate" : "09/11/1993",
  "username" : "sara",
  "email" : "sara@gmail.com",
  "measureType" : [ {
    "value" : "55",
    "measure" : "weight"
  }, {
    "value" : "1.62",
    "measure" : "height"
  } ]
}, {
  "idPerson" : 5,
  "firstname" : "John",
  "lastname" : "Doe",
  "birthdate" : "19/10/1985",
  "username" : "jdoe",
  "email" : "johndoe@gmail.com",
  "measureType" : [ {
    "value" : "93",
    "measure" : "weight"
  }, {
    "value" : "1.90",
    "measure" : "height"
  } ]
}, {
  "idPerson" : 6,
  "firstname" : "Tizio",
  "lastname" : "Caio",
  "birthdate" : "31/12/1979",
  "username" : "caioT",
  "email" : "tc@gmail.com",
  "measureType" : [ {
    "value" : "1.79",
    "measure" : "height"
  }, {
    "value" : "69",
    "measure" : "weight"
  } ]
}, {
  "idPerson" : 2354,
  "firstname" : null,
  "lastname" : "Norris",
  "birthdate" : "01/01/1945",
  "username" : null,
  "email" : null,
  "measureType" : [ ]
}, {
  "idPerson" : 2369,
  "firstname" : null,
  "lastname" : "Norris",
  "birthdate" : "01/01/1945",
  "username" : null,
  "email" : null,
  "measureType" : [ ]
} ]
Request #2: GET /person/1 Accept: application/json
=> Result: OK
=> HTTP Status: 200
{
  "idPerson" : 1,
  "firstname" : "Jon",
  "lastname" : "Norris",
  "birthdate" : "31/12/1944",
  "username" : "chuck.norris",
  "email" : "chuck.norris@gmail.com",
  "measureType" : [ {
    "value" : "72",
    "measure" : "weight"
  }, {
    "value" : "72",
    "measure" : "height"
  } ]
}
Request #3: PUT /person/1 Accept: application/json Content-Type:  application/json
=> Result: OK
=> HTTP Status: 200
{
  "idPerson" : 1,
  "firstname" : "Jon",
  "lastname" : "Norris",
  "birthdate" : "31/12/1944",
  "username" : "chuck.norris",
  "email" : "chuck.norris@gmail.com",
  "measureType" : [ {
    "value" : "72",
    "measure" : "weight"
  }, {
    "value" : "72",
    "measure" : "height"
  } ]
}
Request #4: POST /person Accept: application/json Content-Type:  application/json
=> Result: OK
=> HTTP Status: 200
{
  "idPerson" : 2422,
  "firstname" : "Chuck",
  "lastname" : "Norris",
  "birthdate" : "01/01/1945",
  "username" : null,
  "email" : null,
  "measureType" : [ {
    "value" : "78.9",
    "measure" : "weight"
  }, {
    "value" : "172",
    "measure" : "height"
  } ]
}
Request #5: DELETE /person/2422 Accept: application/json
=> Result: OK
=> HTTP Status: 204
null
Request #6: GET /measureTypes Accept: application/json
=> Result: OK
=> HTTP Status: 200
[ {
  "value" : "weight"
}, {
  "value" : "height"
}, {
  "value" : "steps"
}, {
  "value" : "blood pressure"
}, {
  "value" : "heart rate"
}, {
  "value" : "bmi"
} ]
Request #7: GET /person/1/height Accept: application/json
=> Result: OK
=> HTTP Status: 200
[ {
  "value" : "82",
  "measureDefinition" : {
    "value" : "height"
  },
  "mid" : 2,
  "created" : 1479250800000
}, {
  "value" : "1.73",
  "measureDefinition" : {
    "value" : "height"
  },
  "mid" : 1354,
  "created" : 1479805201756
}, {
  "value" : "72",
  "measureDefinition" : {
    "value" : "height"
  },
  "mid" : 1355,
  "created" : 1479805411950
}, {
  "value" : "72",
  "measureDefinition" : {
    "value" : "height"
  },
  "mid" : 1356,
  "created" : 1479805487109
}, {
  "value" : "72",
  "measureDefinition" : {
    "value" : "height"
  },
  "mid" : 1357,
  "created" : 1479805544396
}, {
  "value" : "72",
  "measureDefinition" : {
    "value" : "height"
  },
  "mid" : 1358,
  "created" : 1479805617193
}, {
  "value" : "72",
  "measureDefinition" : {
    "value" : "height"
  },
  "mid" : 1359,
  "created" : 1479805737759
}, {
  "value" : "72",
  "measureDefinition" : {
    "value" : "height"
  },
  "mid" : 1360,
  "created" : 1479805794013
}, {
  "value" : "72",
  "measureDefinition" : {
    "value" : "height"
  },
  "mid" : 1361,
  "created" : 1479805902765
}, {
  "value" : "72",
  "measureDefinition" : {
    "value" : "height"
  },
  "mid" : 1362,
  "created" : 1479805960092
}, {
  "value" : "72",
  "measureDefinition" : {
    "value" : "height"
  },
  "mid" : 1363,
  "created" : 1479806007782
}, {
  "value" : "72",
  "measureDefinition" : {
    "value" : "height"
  },
  "mid" : 1364,
  "created" : 1479806060071
}, {
  "value" : "72",
  "measureDefinition" : {
    "value" : "height"
  },
  "mid" : 1365,
  "created" : 1479806266688
}, {
  "value" : "72",
  "measureDefinition" : {
    "value" : "height"
  },
  "mid" : 1366,
  "created" : 1479806329621
}, {
  "value" : "72",
  "measureDefinition" : {
    "value" : "height"
  },
  "mid" : 1367,
  "created" : 1479806368430
}, {
  "value" : "72",
  "measureDefinition" : {
    "value" : "height"
  },
  "mid" : 1368,
  "created" : 1479806510677
}, {
  "value" : "72",
  "measureDefinition" : {
    "value" : "height"
  },
  "mid" : 1369,
  "created" : 1479806600231
}, {
  "value" : "72",
  "measureDefinition" : {
    "value" : "height"
  },
  "mid" : 1370,
  "created" : 1479806812877
}, {
  "value" : "72",
  "measureDefinition" : {
    "value" : "height"
  },
  "mid" : 1371,
  "created" : 1479806868506
}, {
  "value" : "72",
  "measureDefinition" : {
    "value" : "height"
  },
  "mid" : 1372,
  "created" : 1479807305350
}, {
  "value" : "72",
  "measureDefinition" : {
    "value" : "height"
  },
  "mid" : 1373,
  "created" : 1479807449606
}, {
  "value" : "72",
  "measureDefinition" : {
    "value" : "height"
  },
  "mid" : 1374,
  "created" : 1479807459491
}, {
  "value" : "72",
  "measureDefinition" : {
    "value" : "height"
  },
  "mid" : 1375,
  "created" : 1479807566946
}, {
  "value" : "72",
  "measureDefinition" : {
    "value" : "height"
  },
  "mid" : 1376,
  "created" : 1479807576877
}, {
  "value" : "72",
  "measureDefinition" : {
    "value" : "height"
  },
  "mid" : 1377,
  "created" : 1479807592514
}, {
  "value" : "72",
  "measureDefinition" : {
    "value" : "height"
  },
  "mid" : 1378,
  "created" : 1479807596567
}, {
  "value" : "72",
  "measureDefinition" : {
    "value" : "height"
  },
  "mid" : 1379,
  "created" : 1479807682708
}, {
  "value" : "72",
  "measureDefinition" : {
    "value" : "height"
  },
  "mid" : 1380,
  "created" : 1479807724262
}, {
  "value" : "72",
  "measureDefinition" : {
    "value" : "height"
  },
  "mid" : 1381,
  "created" : 1479807734438
}, {
  "value" : "72",
  "measureDefinition" : {
    "value" : "height"
  },
  "mid" : 1382,
  "created" : 1479807919033
}, {
  "value" : "72",
  "measureDefinition" : {
    "value" : "height"
  },
  "mid" : 1383,
  "created" : 1479807929379
}, {
  "value" : "72",
  "measureDefinition" : {
    "value" : "height"
  },
  "mid" : 1384,
  "created" : 1479807993432
} ]
Request #8: GET /person/1/height/2 Accept: application/json
=> Result: OK
=> HTTP Status: 200
{
  "value" : "82",
  "measureDefinition" : {
    "value" : "height"
  },
  "mid" : 2,
  "created" : 1479250800000
}
Request #9: POST /person/1/height Accept: application/json Content-Type:  application/json
=> Result: OK
=> HTTP Status: 200
{
  "value" : "72",
  "measure" : "height"
}
Request #10: PUT /person/1/height/2 Accept: application/json Content-Type:  application/json
=> Result: OK
=> HTTP Status: 200
{
  "value" : "82",
  "measureDefinition" : {
    "value" : "height"
  },
  "mid" : 2,
  "created" : 1479250800000
}
Request #11: GET /person/1/weight?before=20-11-2016&after=10-11-1990 Accept: application/json
=> Result: OK
=> HTTP Status: 200
[ {
  "value" : "83",
  "measureDefinition" : {
    "value" : "weight"
  },
  "mid" : 1,
  "created" : 1479250800000
}, {
  "value" : "75",
  "measureDefinition" : {
    "value" : "weight"
  },
  "mid" : 3,
  "created" : 1434319200000
} ]
Request #12: GET /person?measureType=weight&max=95&min=85 Accept: application/json
=> Result: OK
=> HTTP Status: 200
[ {
  "idPerson" : 3,
  "firstname" : "Pappo",
  "lastname" : "Pippo",
  "birthdate" : "08/12/1959",
  "username" : "pippo",
  "email" : "pippo.pappo@gmail.com",
  "measureType" : [ {
    "value" : "87",
    "measure" : "weight"
  }, {
    "value" : "1.68",
    "measure" : "height"
  } ]
}, {
  "idPerson" : 5,
  "firstname" : "John",
  "lastname" : "Doe",
  "birthdate" : "19/10/1985",
  "username" : "jdoe",
  "email" : "johndoe@gmail.com",
  "measureType" : [ {
    "value" : "93",
    "measure" : "weight"
  }, {
    "value" : "1.90",
    "measure" : "height"
  } ]
} ]
